<?xml version="1.0" encoding="UTF-8"?>
<!-- Generated by org.testng.reporters.JUnitReportReporter -->
<testsuite skipped="0" hostname="SUYPC026" name="vsts.Sample_1" tests="1" failures="0" timestamp="28 May 2018 08:13:52 GMT" time="13.127" errors="0">
  <testcase name="sample" time="13.127" classname="vsts.Sample_1"/>
</testsuite> <!-- vsts.Sample_1 -->
