<?xml version="1.0" encoding="UTF-8"?>
<!-- Generated by org.testng.reporters.JUnitReportReporter -->
<testsuite skipped="0" hostname="SUYPC026" name="vsts.Sample_1" tests="1" failures="0" timestamp="28 May 2018 09:19:18 GMT" time="12.308" errors="0">
  <testcase name="sample" time="12.308" classname="vsts.Sample_1"/>
</testsuite> <!-- vsts.Sample_1 -->
