<?xml version="1.0" encoding="UTF-8"?>
<!-- Generated by org.testng.reporters.JUnitReportReporter -->
<testsuite skipped="0" hostname="SUYPC026" name="vsts.Sample_1" tests="1" failures="0" timestamp="28 May 2018 06:14:36 GMT" time="12.239" errors="0">
  <testcase name="sample" time="12.239" classname="vsts.Sample_1"/>
</testsuite> <!-- vsts.Sample_1 -->
